<?xml version="1.0" encoding="UTF-8"?>
<!-- Generated by org.testng.reporters.JUnitReportReporter -->
<testsuite skipped="0" hostname="LAPTOP-IEPOTQSJ" name="testcases.T001" tests="1" failures="0" timestamp="15 nov 2017 22:41:29 GMT" time="16.293" errors="0">
  <testcase name="test" time="16.293" classname="testcases.T001"/>
</testsuite> <!-- testcases.T001 -->
